Using pre-set license
Built from '2022.3/staging' branch; Version is '2022.3.13f1 (5f90a5ebde0f) revision 6262949'; Using compiler version '192829333'; Build Type 'Release'
OS: 'Windows 10  (10.0.19045) 64bit Professional' Language: 'pt' Physical Memory: 32704 MB
BatchMode: 1, IsHumanControllingUs: 0, StartBugReporterOnCrash: 0, Is64bit: 1, IsPro: 1

COMMAND LINE ARGUMENTS:
D:\Program Files\2022.3.13f1\Editor\Unity.exe
-adb2
-batchMode
-noUpm
-name
AssetImportWorker1
-projectPath
D:/Pasta das pastas/DesenvolvimentoJogos/Trabalho2
-logFile
Logs/AssetImportWorker1.log
-srvPort
57021
Successfully changed project path to: D:/Pasta das pastas/DesenvolvimentoJogos/Trabalho2
D:/Pasta das pastas/DesenvolvimentoJogos/Trabalho2
[UnityMemory] Configuration Parameters - Can be set up in boot.config
    "memorysetup-bucket-allocator-granularity=16"
    "memorysetup-bucket-allocator-bucket-count=8"
    "memorysetup-bucket-allocator-block-size=33554432"
    "memorysetup-bucket-allocator-block-count=8"
    "memorysetup-main-allocator-block-size=16777216"
    "memorysetup-thread-allocator-block-size=16777216"
    "memorysetup-gfx-main-allocator-block-size=16777216"
    "memorysetup-gfx-thread-allocator-block-size=16777216"
    "memorysetup-cache-allocator-block-size=4194304"
    "memorysetup-typetree-allocator-block-size=2097152"
    "memorysetup-profiler-bucket-allocator-granularity=16"
    "memorysetup-profiler-bucket-allocator-bucket-count=8"
    "memorysetup-profiler-bucket-allocator-block-size=33554432"
    "memorysetup-profiler-bucket-allocator-block-count=8"
    "memorysetup-profiler-allocator-block-size=16777216"
    "memorysetup-profiler-editor-allocator-block-size=1048576"
    "memorysetup-temp-allocator-size-main=16777216"
    "memorysetup-job-temp-allocator-block-size=2097152"
    "memorysetup-job-temp-allocator-block-size-background=1048576"
    "memorysetup-job-temp-allocator-reduction-small-platforms=262144"
    "memorysetup-allocator-temp-initial-block-size-main=262144"
    "memorysetup-allocator-temp-initial-block-size-worker=262144"
    "memorysetup-temp-allocator-size-background-worker=32768"
    "memorysetup-temp-allocator-size-job-worker=262144"
    "memorysetup-temp-allocator-size-preload-manager=33554432"
    "memorysetup-temp-allocator-size-nav-mesh-worker=65536"
    "memorysetup-temp-allocator-size-audio-worker=65536"
    "memorysetup-temp-allocator-size-cloud-worker=32768"
    "memorysetup-temp-allocator-size-gi-baking-worker=262144"
    "memorysetup-temp-allocator-size-gfx=262144"
Player connection [23840] Host "[IP] 192.168.100.5 [Port] 0 [Flags] 2 [Guid] 3986077276 [EditorId] 3986077276 [Version] 1048832 [Id] WindowsEditor(7,AndrePC) [Debug] 1 [PackageName] WindowsEditor [ProjectName] Editor" joined multi-casting on [225.0.0.222:54997]...

Player connection [23840] Host "[IP] 192.168.100.5 [Port] 0 [Flags] 2 [Guid] 3986077276 [EditorId] 3986077276 [Version] 1048832 [Id] WindowsEditor(7,AndrePC) [Debug] 1 [PackageName] WindowsEditor [ProjectName] Editor" joined alternative multi-casting on [225.0.0.222:34997]...

[Physics::Module] Initialized MultithreadedJobDispatcher with 3 workers.
Refreshing native plugins compatible for Editor in 26.05 ms, found 3 plugins.
Preloading 0 native plugins for Editor in 0.00 ms.
Initialize engine version: 2022.3.13f1 (5f90a5ebde0f)
[Subsystems] Discovering subsystems at path D:/Program Files/2022.3.13f1/Editor/Data/Resources/UnitySubsystems
[Subsystems] Discovering subsystems at path D:/Pasta das pastas/DesenvolvimentoJogos/Trabalho2/Assets
GfxDevice: creating device client; threaded=0; jobified=0
Direct3D:
    Version:  Direct3D 11.0 [level 11.1]
    Renderer: NVIDIA GeForce GTX 1060 6GB (ID=0x1c03)
    Vendor:   NVIDIA
    VRAM:     6043 MB
    Driver:   31.0.15.3713
Initialize mono
Mono path[0] = 'D:/Program Files/2022.3.13f1/Editor/Data/Managed'
Mono path[1] = 'D:/Program Files/2022.3.13f1/Editor/Data/MonoBleedingEdge/lib/mono/unityjit-win32'
Mono config path = 'D:/Program Files/2022.3.13f1/Editor/Data/MonoBleedingEdge/etc'
Using monoOptions --debugger-agent=transport=dt_socket,embedding=1,server=y,suspend=n,address=127.0.0.1:56024
Begin MonoManager ReloadAssembly
Registering precompiled unity dll's ...
Register platform support module: D:/Program Files/2022.3.13f1/Editor/Data/PlaybackEngines/WindowsStandaloneSupport/UnityEditor.WindowsStandalone.Extensions.dll
Registered in 0.008404 seconds.
- Loaded All Assemblies, in  0.934 seconds
Native extension for WindowsStandalone target not found
Mono: successfully reloaded assembly
- Finished resetting the current domain, in  0.510 seconds
Domain Reload Profiling: 1443ms
	BeginReloadAssembly (429ms)
		ExecutionOrderSort (0ms)
		DisableScriptedObjects (0ms)
		BackupInstance (0ms)
		ReleaseScriptingObjects (0ms)
		CreateAndSetChildDomain (2ms)
	RebuildCommonClasses (95ms)
	RebuildNativeTypeToScriptingClass (40ms)
	initialDomainReloadingComplete (125ms)
	LoadAllAssembliesAndSetupDomain (243ms)
		LoadAssemblies (428ms)
		RebuildTransferFunctionScriptingTraits (0ms)
		AnalyzeDomain (239ms)
			TypeCache.Refresh (238ms)
				TypeCache.ScanAssembly (211ms)
			ScanForSourceGeneratedMonoScriptInfo (0ms)
			ResolveRequiredComponents (1ms)
	FinalizeReload (510ms)
		ReleaseScriptCaches (0ms)
		RebuildScriptCaches (0ms)
		SetupLoadedEditorAssemblies (415ms)
			LogAssemblyErrors (0ms)
			InitializePlatformSupportModulesInManaged (13ms)
			SetLoadedEditorAssemblies (11ms)
			RefreshPlugins (0ms)
			BeforeProcessingInitializeOnLoad (4ms)
			ProcessInitializeOnLoadAttributes (290ms)
			ProcessInitializeOnLoadMethodAttributes (97ms)
			AfterProcessingInitializeOnLoad (0ms)
			EditorAssembliesLoaded (0ms)
		ExecutionOrderSort2 (0ms)
		AwakeInstancesAfterBackupRestoration (0ms)
========================================================================
Worker process is ready to serve import requests
Begin MonoManager ReloadAssembly
- Loaded All Assemblies, in  0.944 seconds
Refreshing native plugins compatible for Editor in 2.88 ms, found 3 plugins.
Native extension for WindowsStandalone target not found
Package Manager log level set to [2]
[Package Manager] Server::EnsureServerProcessIsRunning -- launch failed, reason: Unity was launched with the -noUpm command-line argument
[Package Manager] UpmClient::Send -- Unable to send message (not connected to UPM process).
[Package Manager] Cannot connect to Unity Package Manager local server
Mono: successfully reloaded assembly
- Finished resetting the current domain, in  0.970 seconds
Domain Reload Profiling: 1913ms
	BeginReloadAssembly (232ms)
		ExecutionOrderSort (0ms)
		DisableScriptedObjects (9ms)
		BackupInstance (0ms)
		ReleaseScriptingObjects (0ms)
		CreateAndSetChildDomain (31ms)
	RebuildCommonClasses (63ms)
	RebuildNativeTypeToScriptingClass (21ms)
	initialDomainReloadingComplete (55ms)
	LoadAllAssembliesAndSetupDomain (572ms)
		LoadAssemblies (413ms)
		RebuildTransferFunctionScriptingTraits (0ms)
		AnalyzeDomain (295ms)
			TypeCache.Refresh (254ms)
				TypeCache.ScanAssembly (232ms)
			ScanForSourceGeneratedMonoScriptInfo (30ms)
			ResolveRequiredComponents (9ms)
	FinalizeReload (970ms)
		ReleaseScriptCaches (0ms)
		RebuildScriptCaches (0ms)
		SetupLoadedEditorAssemblies (712ms)
			LogAssemblyErrors (0ms)
			InitializePlatformSupportModulesInManaged (10ms)
			SetLoadedEditorAssemblies (9ms)
			RefreshPlugins (0ms)
			BeforeProcessingInitializeOnLoad (91ms)
			ProcessInitializeOnLoadAttributes (562ms)
			ProcessInitializeOnLoadMethodAttributes (37ms)
			AfterProcessingInitializeOnLoad (4ms)
			EditorAssembliesLoaded (0ms)
		ExecutionOrderSort2 (0ms)
		AwakeInstancesAfterBackupRestoration (10ms)
Launched and connected shader compiler UnityShaderCompiler.exe after 0.07 seconds
Refreshing native plugins compatible for Editor in 3.12 ms, found 3 plugins.
Preloading 0 native plugins for Editor in 0.00 ms.
Unloading 3247 Unused Serialized files (Serialized files now loaded: 0)
Unloading 45 unused Assets / (130.1 KB). Loaded Objects now: 3707.
Memory consumption went from 125.9 MB to 125.8 MB.
Total: 3.904200 ms (FindLiveObjects: 0.480800 ms CreateObjectMapping: 0.609800 ms MarkObjects: 2.651700 ms  DeleteObjects: 0.159800 ms)

AssetImportParameters requested are different than current active one (requested -> active):
  custom:container-demuxer-ogg: 62fdf1f143b41e24485cea50d1cbac27 -> 
  custom:video-codec-MediaFoundation-h265: 746d11721c4dcdbdad8f713fa42b33f4 -> 
  custom:video-decoder-ogg-theora: a1e56fd34408186e4bbccfd4996cb3dc -> 
  custom:framework-win-MediaFoundation: 216162199b28c13a410421893ffa2e32 -> 
  custom:container-demuxer-webm: 4f35f7cbe854078d1ac9338744f61a02 -> 
  custom:container-muxer-webm: aa71ff27fc2769a1b78a27578f13a17b -> 
  custom:video-decoder-webm-vp8: 9c59270c3fd7afecdb556c50c9e8de78 -> 
  custom:AudioImporter_EditorPlatform: d09bf68614088b80899f8185d706f6e7 -> 
  custom:video-encoder-webm-vp8: eb34c28f22e8b96e1ab97ce403110664 -> 
  custom:audio-decoder-ogg-vorbis: bf7c407c2cedff20999df2af8eb42d56 -> 
  custom:audio-encoder-webm-vorbis: bf7c407c2cedff20999df2af8eb42d56 -> 
========================================================================
Received Import Request.
  Time since last request: 47181.250650 seconds.
  path: Assets/Scenes
  artifactKey: Guid(d0b8e308c01e4da46b4d076c5fc42a29) Importer(815301076,1909f56bfc062723c751e8b465ee728b)
Start importing Assets/Scenes using Guid(d0b8e308c01e4da46b4d076c5fc42a29) Importer(815301076,1909f56bfc062723c751e8b465ee728b)  -> (artifact id: 'fa30daebf6830031a6bdc21cb88d7a8b') in 0.004129 seconds
Number of updated asset objects reloaded before import = 0
Number of asset objects unloaded after import = 0
========================================================================
Received Import Request.
  Time since last request: 3.581814 seconds.
  path: Assets/3DS - The Legend of Zelda Ocarina of Time 3D - Kokiri Forest (1)/000/s04_deku_02x_0.png
  artifactKey: Guid(0c1a62c6b3a8c444790fbf906f805d82) Importer(815301076,1909f56bfc062723c751e8b465ee728b)
Start importing Assets/3DS - The Legend of Zelda Ocarina of Time 3D - Kokiri Forest (1)/000/s04_deku_02x_0.png using Guid(0c1a62c6b3a8c444790fbf906f805d82) Importer(815301076,1909f56bfc062723c751e8b465ee728b)  -> (artifact id: 'fc54ef844efe491d5ed925b0f92e8d8e') in 0.125478 seconds
Number of updated asset objects reloaded before import = 0
Number of asset objects unloaded after import = 2
========================================================================
Received Import Request.
  Time since last request: 0.000061 seconds.
  path: Assets/3DS - The Legend of Zelda Ocarina of Time 3D - Kokiri Forest (1)/000/s04_ie_01r_D100.png
  artifactKey: Guid(d3547b217c0107049895640cb5dfa232) Importer(815301076,1909f56bfc062723c751e8b465ee728b)
Start importing Assets/3DS - The Legend of Zelda Ocarina of Time 3D - Kokiri Forest (1)/000/s04_ie_01r_D100.png using Guid(d3547b217c0107049895640cb5dfa232) Importer(815301076,1909f56bfc062723c751e8b465ee728b)  -> (artifact id: '7cddabfe52db21fb64303c713c6ed921') in 0.072654 seconds
Number of updated asset objects reloaded before import = 0
Number of asset objects unloaded after import = 2
========================================================================
Received Import Request.
  Time since last request: 0.000032 seconds.
  path: Assets/3DS - The Legend of Zelda Ocarina of Time 3D - Kokiri Forest (1)/000/s04_kabe_01r_2C900.png
  artifactKey: Guid(53e7f9873f9c19f4d877c1a0c78be21a) Importer(815301076,1909f56bfc062723c751e8b465ee728b)
Start importing Assets/3DS - The Legend of Zelda Ocarina of Time 3D - Kokiri Forest (1)/000/s04_kabe_01r_2C900.png using Guid(53e7f9873f9c19f4d877c1a0c78be21a) Importer(815301076,1909f56bfc062723c751e8b465ee728b)  -> (artifact id: '3e5fd7b6e05ea2da66a3a622a5e1dc3a') in 0.044931 seconds
Number of updated asset objects reloaded before import = 0
Number of asset objects unloaded after import = 2
========================================================================
Received Import Request.
  Time since last request: 0.002017 seconds.
  path: Assets/3DS - The Legend of Zelda Ocarina of Time 3D - Kokiri Forest (1)/000/s04_road_01r_45E00.png
  artifactKey: Guid(5617b8ab21e94d44595dc85e572ceb48) Importer(815301076,1909f56bfc062723c751e8b465ee728b)
Start importing Assets/3DS - The Legend of Zelda Ocarina of Time 3D - Kokiri Forest (1)/000/s04_road_01r_45E00.png using Guid(5617b8ab21e94d44595dc85e572ceb48) Importer(815301076,1909f56bfc062723c751e8b465ee728b)  -> (artifact id: '817dd2ccfa5ab79047b6cb0f8f5ffb7a') in 0.037526 seconds
Number of updated asset objects reloaded before import = 0
Number of asset objects unloaded after import = 2
========================================================================
Received Import Request.
  Time since last request: 0.000018 seconds.
  path: Assets/3DS - The Legend of Zelda Ocarina of Time 3D - Kokiri Forest (1)/000/s04_kawa_01_3C500.png
  artifactKey: Guid(a0322a80778ff69499b88f5847f52048) Importer(815301076,1909f56bfc062723c751e8b465ee728b)
Start importing Assets/3DS - The Legend of Zelda Ocarina of Time 3D - Kokiri Forest (1)/000/s04_kawa_01_3C500.png using Guid(a0322a80778ff69499b88f5847f52048) Importer(815301076,1909f56bfc062723c751e8b465ee728b)  -> (artifact id: 'dc9b17102c3ffcb759b2229b8ce4b14d') in 0.037027 seconds
Number of updated asset objects reloaded before import = 0
Number of asset objects unloaded after import = 2
========================================================================
Received Import Request.
  Time since last request: 0.000022 seconds.
  path: Assets/3DS - The Legend of Zelda Ocarina of Time 3D - Kokiri Forest (1)/000/s04_kabe_01r2_37100.png
  artifactKey: Guid(0120731fe8c5f4d4dba027bbd53cdf41) Importer(815301076,1909f56bfc062723c751e8b465ee728b)
Start importing Assets/3DS - The Legend of Zelda Ocarina of Time 3D - Kokiri Forest (1)/000/s04_kabe_01r2_37100.png using Guid(0120731fe8c5f4d4dba027bbd53cdf41) Importer(815301076,1909f56bfc062723c751e8b465ee728b)  -> (artifact id: 'ff7a18f2e43cbe72812235ce8a2fd646') in 0.060572 seconds
Number of updated asset objects reloaded before import = 0
Number of asset objects unloaded after import = 2
========================================================================
Received Import Request.
  Time since last request: 0.000091 seconds.
  path: Assets/3DS - The Legend of Zelda Ocarina of Time 3D - Kokiri Forest (1)/000/s04_kusa_05_44900.png
  artifactKey: Guid(c9980de189f06e84ebf0632e8cf0dbad) Importer(815301076,1909f56bfc062723c751e8b465ee728b)
Start importing Assets/3DS - The Legend of Zelda Ocarina of Time 3D - Kokiri Forest (1)/000/s04_kusa_05_44900.png using Guid(c9980de189f06e84ebf0632e8cf0dbad) Importer(815301076,1909f56bfc062723c751e8b465ee728b)  -> (artifact id: '20fb1c75f1b0ef555d3487e82532e9ba') in 0.030118 seconds
Number of updated asset objects reloaded before import = 0
Number of asset objects unloaded after import = 2
========================================================================
Received Import Request.
  Time since last request: 0.000025 seconds.
  path: Assets/3DS - The Legend of Zelda Ocarina of Time 3D - Kokiri Forest (1)/000/s04_ha_01bx_800.png
  artifactKey: Guid(47827d0a5e12da044bb2d626e8b99f13) Importer(815301076,1909f56bfc062723c751e8b465ee728b)
Start importing Assets/3DS - The Legend of Zelda Ocarina of Time 3D - Kokiri Forest (1)/000/s04_ha_01bx_800.png using Guid(47827d0a5e12da044bb2d626e8b99f13) Importer(815301076,1909f56bfc062723c751e8b465ee728b)  -> (artifact id: '18ebf937b5deb66b2fd9dacadfe91531') in 0.081023 seconds
Number of updated asset objects reloaded before import = 0
Number of asset objects unloaded after import = 2
========================================================================
Received Import Request.
  Time since last request: 0.000041 seconds.
  path: Assets/3DS - The Legend of Zelda Ocarina of Time 3D - Kokiri Forest (1)/000/s04_kusa_04_41F00.png
  artifactKey: Guid(00f79cdb0d119b048a445bba692ba866) Importer(815301076,1909f56bfc062723c751e8b465ee728b)
Start importing Assets/3DS - The Legend of Zelda Ocarina of Time 3D - Kokiri Forest (1)/000/s04_kusa_04_41F00.png using Guid(00f79cdb0d119b048a445bba692ba866) Importer(815301076,1909f56bfc062723c751e8b465ee728b)  -> (artifact id: '0f08a763195a2d22c2db040d6ae94dc1') in 0.067871 seconds
Number of updated asset objects reloaded before import = 0
Number of asset objects unloaded after import = 2
========================================================================
Received Import Request.
  Time since last request: 0.000017 seconds.
  path: Assets/3DS - The Legend of Zelda Ocarina of Time 3D - Kokiri Forest (1)/000/s04_kawa_02_3CF80.png
  artifactKey: Guid(5b480bb532dfb61468b743d433af1d7a) Importer(815301076,1909f56bfc062723c751e8b465ee728b)
Start importing Assets/3DS - The Legend of Zelda Ocarina of Time 3D - Kokiri Forest (1)/000/s04_kawa_02_3CF80.png using Guid(5b480bb532dfb61468b743d433af1d7a) Importer(815301076,1909f56bfc062723c751e8b465ee728b)  -> (artifact id: '84e010543803f2557d376e3115060314') in 0.051232 seconds
Number of updated asset objects reloaded before import = 0
Number of asset objects unloaded after import = 2
========================================================================
Received Import Request.
  Time since last request: 0.000019 seconds.
  path: Assets/3DS - The Legend of Zelda Ocarina of Time 3D - Kokiri Forest (1)/000/s04_kawa_03_3DA00.png
  artifactKey: Guid(55f2c0bd5d60a834899beb92529d603a) Importer(815301076,1909f56bfc062723c751e8b465ee728b)
Start importing Assets/3DS - The Legend of Zelda Ocarina of Time 3D - Kokiri Forest (1)/000/s04_kawa_03_3DA00.png using Guid(55f2c0bd5d60a834899beb92529d603a) Importer(815301076,1909f56bfc062723c751e8b465ee728b)  -> (artifact id: '38859d377296b6d4f6890f3c19117bd4') in 0.030384 seconds
Number of updated asset objects reloaded before import = 0
Number of asset objects unloaded after import = 2
========================================================================
Received Import Request.
  Time since last request: 0.000020 seconds.
  path: Assets/3DS - The Legend of Zelda Ocarina of Time 3D - Kokiri Forest (1)/000/s04_ie_01x_17900.png
  artifactKey: Guid(08930bc7934eb5d4593f7f1603a97693) Importer(815301076,1909f56bfc062723c751e8b465ee728b)
Start importing Assets/3DS - The Legend of Zelda Ocarina of Time 3D - Kokiri Forest (1)/000/s04_ie_01x_17900.png using Guid(08930bc7934eb5d4593f7f1603a97693) Importer(815301076,1909f56bfc062723c751e8b465ee728b)  -> (artifact id: '858768b8e6182970d297d4afd07e1f75') in 0.078883 seconds
Number of updated asset objects reloaded before import = 0
Number of asset objects unloaded after import = 2
========================================================================
Received Import Request.
  Time since last request: 0.000023 seconds.
  path: Assets/3DS - The Legend of Zelda Ocarina of Time 3D - Kokiri Forest (1)/000/s04_saku_01_48800.png
  artifactKey: Guid(622b34f599f925149b3fd8634748ed64) Importer(815301076,1909f56bfc062723c751e8b465ee728b)
Start importing Assets/3DS - The Legend of Zelda Ocarina of Time 3D - Kokiri Forest (1)/000/s04_saku_01_48800.png using Guid(622b34f599f925149b3fd8634748ed64) Importer(815301076,1909f56bfc062723c751e8b465ee728b)  -> (artifact id: 'b354b30b1a4b82103ae80a8acec3481c') in 0.059209 seconds
Number of updated asset objects reloaded before import = 0
Number of asset objects unloaded after import = 2
========================================================================
Received Import Request.
  Time since last request: 0.000081 seconds.
  path: Assets/3DS - The Legend of Zelda Ocarina of Time 3D - Kokiri Forest (1)/000/s04_yuka_01r_4BA80.png
  artifactKey: Guid(de5e8102f1ab4e141b4a4b1d95371d73) Importer(815301076,1909f56bfc062723c751e8b465ee728b)
Start importing Assets/3DS - The Legend of Zelda Ocarina of Time 3D - Kokiri Forest (1)/000/s04_yuka_01r_4BA80.png using Guid(de5e8102f1ab4e141b4a4b1d95371d73) Importer(815301076,1909f56bfc062723c751e8b465ee728b)  -> (artifact id: '0a3d525d819118ecb1530978d1e23952') in 0.050934 seconds
Number of updated asset objects reloaded before import = 0
Number of asset objects unloaded after import = 2
========================================================================
Received Import Request.
  Time since last request: 0.000015 seconds.
  path: Assets/3DS - The Legend of Zelda Ocarina of Time 3D - Kokiri Forest (1)/000/s04_hasi_01_A800.png
  artifactKey: Guid(2a12e4083a0564349907e9b391f62143) Importer(815301076,1909f56bfc062723c751e8b465ee728b)
Start importing Assets/3DS - The Legend of Zelda Ocarina of Time 3D - Kokiri Forest (1)/000/s04_hasi_01_A800.png using Guid(2a12e4083a0564349907e9b391f62143) Importer(815301076,1909f56bfc062723c751e8b465ee728b)  -> (artifact id: '99b0fc66a876302fb395e6c755deb83e') in 0.028009 seconds
Number of updated asset objects reloaded before import = 0
Number of asset objects unloaded after import = 2
========================================================================
Received Import Request.
  Time since last request: 0.000227 seconds.
  path: Assets/3DS - The Legend of Zelda Ocarina of Time 3D - Kokiri Forest (1)/000/s04_ki_02_3DF00.png
  artifactKey: Guid(09193062600ae014fafb5ee732fdc2bb) Importer(815301076,1909f56bfc062723c751e8b465ee728b)
Start importing Assets/3DS - The Legend of Zelda Ocarina of Time 3D - Kokiri Forest (1)/000/s04_ki_02_3DF00.png using Guid(09193062600ae014fafb5ee732fdc2bb) Importer(815301076,1909f56bfc062723c751e8b465ee728b)  -> (artifact id: '75adeae61c9fd3f382ffa7042fd1acf1') in 0.048958 seconds
Number of updated asset objects reloaded before import = 0
Number of asset objects unloaded after import = 2
========================================================================
Received Import Request.
  Time since last request: 0.000017 seconds.
  path: Assets/3DS - The Legend of Zelda Ocarina of Time 3D - Kokiri Forest (1)/000/s04_hgo_01_BC00.png
  artifactKey: Guid(6ee872b0dbf7263479c613be3bca3369) Importer(815301076,1909f56bfc062723c751e8b465ee728b)
Start importing Assets/3DS - The Legend of Zelda Ocarina of Time 3D - Kokiri Forest (1)/000/s04_hgo_01_BC00.png using Guid(6ee872b0dbf7263479c613be3bca3369) Importer(815301076,1909f56bfc062723c751e8b465ee728b)  -> (artifact id: '21143ca5688694974a05538c88249f5c') in 0.068998 seconds
Number of updated asset objects reloaded before import = 0
Number of asset objects unloaded after import = 2
========================================================================
Received Import Request.
  Time since last request: 0.000019 seconds.
  path: Assets/3DS - The Legend of Zelda Ocarina of Time 3D - Kokiri Forest (1)/000/s04_soko_01x_4B000.png
  artifactKey: Guid(2f6e5eb55eed6e64eafef5d98f44301b) Importer(815301076,1909f56bfc062723c751e8b465ee728b)
Start importing Assets/3DS - The Legend of Zelda Ocarina of Time 3D - Kokiri Forest (1)/000/s04_soko_01x_4B000.png using Guid(2f6e5eb55eed6e64eafef5d98f44301b) Importer(815301076,1909f56bfc062723c751e8b465ee728b)  -> (artifact id: 'a40295ee9cb49ad53ea3eaf961d66577') in 0.060921 seconds
Number of updated asset objects reloaded before import = 0
Number of asset objects unloaded after import = 2
========================================================================
Received Import Request.
  Time since last request: 0.000196 seconds.
  path: Assets/3DS - The Legend of Zelda Ocarina of Time 3D - Kokiri Forest (1)/000/s04_ie_02r_22100.png
  artifactKey: Guid(78a0af1b7c655ac48b475805e5ff1de7) Importer(815301076,1909f56bfc062723c751e8b465ee728b)
Start importing Assets/3DS - The Legend of Zelda Ocarina of Time 3D - Kokiri Forest (1)/000/s04_ie_02r_22100.png using Guid(78a0af1b7c655ac48b475805e5ff1de7) Importer(815301076,1909f56bfc062723c751e8b465ee728b)  -> (artifact id: 'bb257cd3c2b8f5b96655b14726290648') in 0.041053 seconds
Number of updated asset objects reloaded before import = 0
Number of asset objects unloaded after import = 2
========================================================================
Received Import Request.
  Time since last request: 3.788610 seconds.
  path: Assets/Animações/PersonagemPrincipal/Brutal Assassination.fbx
  artifactKey: Guid(1016bfb991445024991306ef93bca001) Importer(815301076,1909f56bfc062723c751e8b465ee728b)
Start importing Assets/Animações/PersonagemPrincipal/Brutal Assassination.fbx using Guid(1016bfb991445024991306ef93bca001) Importer(815301076,1909f56bfc062723c751e8b465ee728b)  -> (artifact id: '484919b5a275e4804f3581d8f93613c2') in 0.476792 seconds
Number of updated asset objects reloaded before import = 0
Number of asset objects unloaded after import = 98
========================================================================
Received Prepare
Refreshing native plugins compatible for Editor in 2.91 ms, found 3 plugins.
Preloading 0 native plugins for Editor in 0.00 ms.
Unloading 1 Unused Serialized files (Serialized files now loaded: 0)
Unloading 2 unused Assets / (74.2 KB). Loaded Objects now: 3758.
Memory consumption went from 80.9 MB to 80.8 MB.
Total: 3.758700 ms (FindLiveObjects: 0.305000 ms CreateObjectMapping: 0.270600 ms MarkObjects: 3.142900 ms  DeleteObjects: 0.039600 ms)

Prepare: number of updated asset objects reloaded= 0
AssetImportParameters requested are different than current active one (requested -> active):
  custom:container-demuxer-ogg: 62fdf1f143b41e24485cea50d1cbac27 -> 
  custom:video-codec-MediaFoundation-h265: 746d11721c4dcdbdad8f713fa42b33f4 -> 
  custom:video-decoder-ogg-theora: a1e56fd34408186e4bbccfd4996cb3dc -> 
  custom:framework-win-MediaFoundation: 216162199b28c13a410421893ffa2e32 -> 
  custom:CustomObjectIndexerAttribute: 756ad292c208cfabdd7b50bc23989ffe -> 
  custom:container-demuxer-webm: 4f35f7cbe854078d1ac9338744f61a02 -> 
  custom:container-muxer-webm: aa71ff27fc2769a1b78a27578f13a17b -> 
  custom:video-decoder-webm-vp8: 9c59270c3fd7afecdb556c50c9e8de78 -> 
  custom:SearchIndexIgnoredProperties: e643bd26f0fe6173181afceb89e7c659 -> 
  custom:AudioImporter_EditorPlatform: d09bf68614088b80899f8185d706f6e7 -> 
  custom:video-encoder-webm-vp8: eb34c28f22e8b96e1ab97ce403110664 -> 
  custom:audio-decoder-ogg-vorbis: bf7c407c2cedff20999df2af8eb42d56 -> 
  custom:audio-encoder-webm-vorbis: bf7c407c2cedff20999df2af8eb42d56 -> 
