Using pre-set license
Built from '2022.3/staging' branch; Version is '2022.3.13f1 (5f90a5ebde0f) revision 6262949'; Using compiler version '192829333'; Build Type 'Release'
OS: 'Windows 10  (10.0.19045) 64bit Professional' Language: 'pt' Physical Memory: 32704 MB
BatchMode: 1, IsHumanControllingUs: 0, StartBugReporterOnCrash: 0, Is64bit: 1, IsPro: 1

COMMAND LINE ARGUMENTS:
D:\Program Files\2022.3.13f1\Editor\Unity.exe
-adb2
-batchMode
-noUpm
-name
AssetImportWorker0
-projectPath
D:/Pasta das pastas/DesenvolvimentoJogos/Trabalho2
-logFile
Logs/AssetImportWorker0.log
-srvPort
57021
Successfully changed project path to: D:/Pasta das pastas/DesenvolvimentoJogos/Trabalho2
D:/Pasta das pastas/DesenvolvimentoJogos/Trabalho2
[UnityMemory] Configuration Parameters - Can be set up in boot.config
    "memorysetup-bucket-allocator-granularity=16"
    "memorysetup-bucket-allocator-bucket-count=8"
    "memorysetup-bucket-allocator-block-size=33554432"
    "memorysetup-bucket-allocator-block-count=8"
    "memorysetup-main-allocator-block-size=16777216"
    "memorysetup-thread-allocator-block-size=16777216"
    "memorysetup-gfx-main-allocator-block-size=16777216"
    "memorysetup-gfx-thread-allocator-block-size=16777216"
    "memorysetup-cache-allocator-block-size=4194304"
    "memorysetup-typetree-allocator-block-size=2097152"
    "memorysetup-profiler-bucket-allocator-granularity=16"
    "memorysetup-profiler-bucket-allocator-bucket-count=8"
    "memorysetup-profiler-bucket-allocator-block-size=33554432"
    "memorysetup-profiler-bucket-allocator-block-count=8"
    "memorysetup-profiler-allocator-block-size=16777216"
    "memorysetup-profiler-editor-allocator-block-size=1048576"
    "memorysetup-temp-allocator-size-main=16777216"
    "memorysetup-job-temp-allocator-block-size=2097152"
    "memorysetup-job-temp-allocator-block-size-background=1048576"
    "memorysetup-job-temp-allocator-reduction-small-platforms=262144"
    "memorysetup-allocator-temp-initial-block-size-main=262144"
    "memorysetup-allocator-temp-initial-block-size-worker=262144"
    "memorysetup-temp-allocator-size-background-worker=32768"
    "memorysetup-temp-allocator-size-job-worker=262144"
    "memorysetup-temp-allocator-size-preload-manager=33554432"
    "memorysetup-temp-allocator-size-nav-mesh-worker=65536"
    "memorysetup-temp-allocator-size-audio-worker=65536"
    "memorysetup-temp-allocator-size-cloud-worker=32768"
    "memorysetup-temp-allocator-size-gi-baking-worker=262144"
    "memorysetup-temp-allocator-size-gfx=262144"
Player connection [17112] Host "[IP] 192.168.100.5 [Port] 0 [Flags] 2 [Guid] 3456970635 [EditorId] 3456970635 [Version] 1048832 [Id] WindowsEditor(7,AndrePC) [Debug] 1 [PackageName] WindowsEditor [ProjectName] Editor" joined multi-casting on [225.0.0.222:54997]...

Player connection [17112] Host "[IP] 192.168.100.5 [Port] 0 [Flags] 2 [Guid] 3456970635 [EditorId] 3456970635 [Version] 1048832 [Id] WindowsEditor(7,AndrePC) [Debug] 1 [PackageName] WindowsEditor [ProjectName] Editor" joined alternative multi-casting on [225.0.0.222:34997]...

[Physics::Module] Initialized MultithreadedJobDispatcher with 3 workers.
Refreshing native plugins compatible for Editor in 32.06 ms, found 3 plugins.
Preloading 0 native plugins for Editor in 0.00 ms.
Initialize engine version: 2022.3.13f1 (5f90a5ebde0f)
[Subsystems] Discovering subsystems at path D:/Program Files/2022.3.13f1/Editor/Data/Resources/UnitySubsystems
[Subsystems] Discovering subsystems at path D:/Pasta das pastas/DesenvolvimentoJogos/Trabalho2/Assets
GfxDevice: creating device client; threaded=0; jobified=0
Direct3D:
    Version:  Direct3D 11.0 [level 11.1]
    Renderer: NVIDIA GeForce GTX 1060 6GB (ID=0x1c03)
    Vendor:   NVIDIA
    VRAM:     6043 MB
    Driver:   31.0.15.3713
Initialize mono
Mono path[0] = 'D:/Program Files/2022.3.13f1/Editor/Data/Managed'
Mono path[1] = 'D:/Program Files/2022.3.13f1/Editor/Data/MonoBleedingEdge/lib/mono/unityjit-win32'
Mono config path = 'D:/Program Files/2022.3.13f1/Editor/Data/MonoBleedingEdge/etc'
Using monoOptions --debugger-agent=transport=dt_socket,embedding=1,server=y,suspend=n,address=127.0.0.1:56080
Begin MonoManager ReloadAssembly
Registering precompiled unity dll's ...
Register platform support module: D:/Program Files/2022.3.13f1/Editor/Data/PlaybackEngines/WindowsStandaloneSupport/UnityEditor.WindowsStandalone.Extensions.dll
Registered in 0.011681 seconds.
- Loaded All Assemblies, in  0.937 seconds
Native extension for WindowsStandalone target not found
Mono: successfully reloaded assembly
- Finished resetting the current domain, in  0.518 seconds
Domain Reload Profiling: 1455ms
	BeginReloadAssembly (456ms)
		ExecutionOrderSort (0ms)
		DisableScriptedObjects (0ms)
		BackupInstance (0ms)
		ReleaseScriptingObjects (0ms)
		CreateAndSetChildDomain (4ms)
	RebuildCommonClasses (85ms)
	RebuildNativeTypeToScriptingClass (27ms)
	initialDomainReloadingComplete (141ms)
	LoadAllAssembliesAndSetupDomain (227ms)
		LoadAssemblies (449ms)
		RebuildTransferFunctionScriptingTraits (0ms)
		AnalyzeDomain (225ms)
			TypeCache.Refresh (223ms)
				TypeCache.ScanAssembly (203ms)
			ScanForSourceGeneratedMonoScriptInfo (0ms)
			ResolveRequiredComponents (1ms)
	FinalizeReload (519ms)
		ReleaseScriptCaches (0ms)
		RebuildScriptCaches (0ms)
		SetupLoadedEditorAssemblies (422ms)
			LogAssemblyErrors (0ms)
			InitializePlatformSupportModulesInManaged (12ms)
			SetLoadedEditorAssemblies (11ms)
			RefreshPlugins (0ms)
			BeforeProcessingInitializeOnLoad (3ms)
			ProcessInitializeOnLoadAttributes (302ms)
			ProcessInitializeOnLoadMethodAttributes (93ms)
			AfterProcessingInitializeOnLoad (0ms)
			EditorAssembliesLoaded (0ms)
		ExecutionOrderSort2 (0ms)
		AwakeInstancesAfterBackupRestoration (0ms)
========================================================================
Worker process is ready to serve import requests
Begin MonoManager ReloadAssembly
- Loaded All Assemblies, in  0.936 seconds
Refreshing native plugins compatible for Editor in 3.40 ms, found 3 plugins.
Native extension for WindowsStandalone target not found
Package Manager log level set to [2]
[Package Manager] Server::EnsureServerProcessIsRunning -- launch failed, reason: Unity was launched with the -noUpm command-line argument
[Package Manager] UpmClient::Send -- Unable to send message (not connected to UPM process).
[Package Manager] Cannot connect to Unity Package Manager local server
Mono: successfully reloaded assembly
- Finished resetting the current domain, in  0.949 seconds
Domain Reload Profiling: 1884ms
	BeginReloadAssembly (236ms)
		ExecutionOrderSort (0ms)
		DisableScriptedObjects (9ms)
		BackupInstance (0ms)
		ReleaseScriptingObjects (0ms)
		CreateAndSetChildDomain (32ms)
	RebuildCommonClasses (51ms)
	RebuildNativeTypeToScriptingClass (18ms)
	initialDomainReloadingComplete (57ms)
	LoadAllAssembliesAndSetupDomain (573ms)
		LoadAssemblies (415ms)
		RebuildTransferFunctionScriptingTraits (0ms)
		AnalyzeDomain (295ms)
			TypeCache.Refresh (253ms)
				TypeCache.ScanAssembly (226ms)
			ScanForSourceGeneratedMonoScriptInfo (27ms)
			ResolveRequiredComponents (13ms)
	FinalizeReload (950ms)
		ReleaseScriptCaches (0ms)
		RebuildScriptCaches (0ms)
		SetupLoadedEditorAssemblies (698ms)
			LogAssemblyErrors (0ms)
			InitializePlatformSupportModulesInManaged (12ms)
			SetLoadedEditorAssemblies (7ms)
			RefreshPlugins (0ms)
			BeforeProcessingInitializeOnLoad (85ms)
			ProcessInitializeOnLoadAttributes (556ms)
			ProcessInitializeOnLoadMethodAttributes (34ms)
			AfterProcessingInitializeOnLoad (4ms)
			EditorAssembliesLoaded (0ms)
		ExecutionOrderSort2 (0ms)
		AwakeInstancesAfterBackupRestoration (11ms)
Launched and connected shader compiler UnityShaderCompiler.exe after 0.08 seconds
Refreshing native plugins compatible for Editor in 3.10 ms, found 3 plugins.
Preloading 0 native plugins for Editor in 0.00 ms.
Unloading 3247 Unused Serialized files (Serialized files now loaded: 0)
Unloading 45 unused Assets / (130.2 KB). Loaded Objects now: 3707.
Memory consumption went from 125.6 MB to 125.5 MB.
Total: 3.633100 ms (FindLiveObjects: 0.321100 ms CreateObjectMapping: 0.331700 ms MarkObjects: 2.814000 ms  DeleteObjects: 0.164800 ms)

AssetImportParameters requested are different than current active one (requested -> active):
  custom:container-demuxer-ogg: 62fdf1f143b41e24485cea50d1cbac27 -> 
  custom:video-codec-MediaFoundation-h265: 746d11721c4dcdbdad8f713fa42b33f4 -> 
  custom:video-decoder-ogg-theora: a1e56fd34408186e4bbccfd4996cb3dc -> 
  custom:framework-win-MediaFoundation: 216162199b28c13a410421893ffa2e32 -> 
  custom:container-demuxer-webm: 4f35f7cbe854078d1ac9338744f61a02 -> 
  custom:container-muxer-webm: aa71ff27fc2769a1b78a27578f13a17b -> 
  custom:video-decoder-webm-vp8: 9c59270c3fd7afecdb556c50c9e8de78 -> 
  custom:AudioImporter_EditorPlatform: d09bf68614088b80899f8185d706f6e7 -> 
  custom:video-encoder-webm-vp8: eb34c28f22e8b96e1ab97ce403110664 -> 
  custom:audio-decoder-ogg-vorbis: bf7c407c2cedff20999df2af8eb42d56 -> 
  custom:audio-encoder-webm-vorbis: bf7c407c2cedff20999df2af8eb42d56 -> 
========================================================================
Received Import Request.
  Time since last request: 47183.392371 seconds.
  path: Assets/3DS - The Legend of Zelda Ocarina of Time 3D - Kokiri Forest (1)
  artifactKey: Guid(617c8e0d7c3a46f4886a0744353349ce) Importer(815301076,1909f56bfc062723c751e8b465ee728b)
Start importing Assets/3DS - The Legend of Zelda Ocarina of Time 3D - Kokiri Forest (1) using Guid(617c8e0d7c3a46f4886a0744353349ce) Importer(815301076,1909f56bfc062723c751e8b465ee728b)  -> (artifact id: '457936f7fe668d953240608c5e3b0e0e') in 0.019152 seconds
Number of updated asset objects reloaded before import = 0
Number of asset objects unloaded after import = 0
========================================================================
Received Import Request.
  Time since last request: 1.356830 seconds.
  path: Assets/3DS - The Legend of Zelda Ocarina of Time 3D - Kokiri Forest (1)/000
  artifactKey: Guid(121d5d3d77d2a8641abdfd9c3a19f746) Importer(815301076,1909f56bfc062723c751e8b465ee728b)
Start importing Assets/3DS - The Legend of Zelda Ocarina of Time 3D - Kokiri Forest (1)/000 using Guid(121d5d3d77d2a8641abdfd9c3a19f746) Importer(815301076,1909f56bfc062723c751e8b465ee728b)  -> (artifact id: '6615bb1dfdb4ed0c65b89ffa2f12c434') in 0.005174 seconds
Number of updated asset objects reloaded before import = 0
Number of asset objects unloaded after import = 0
========================================================================
Received Import Request.
  Time since last request: 0.057308 seconds.
  path: Assets/3DS - The Legend of Zelda Ocarina of Time 3D - Kokiri Forest (1)/000/KF.dae
  artifactKey: Guid(0c3ac17121be26c4b9c68856f529aec6) Importer(815301076,1909f56bfc062723c751e8b465ee728b)
Start importing Assets/3DS - The Legend of Zelda Ocarina of Time 3D - Kokiri Forest (1)/000/KF.dae using Guid(0c3ac17121be26c4b9c68856f529aec6) Importer(815301076,1909f56bfc062723c751e8b465ee728b)  -> (artifact id: '3337e283b78eebc6f819ff9e7c317854') in 0.975843 seconds
Number of updated asset objects reloaded before import = 0
Number of asset objects unloaded after import = 151
========================================================================
Received Import Request.
  Time since last request: 0.000029 seconds.
  path: Assets/3DS - The Legend of Zelda Ocarina of Time 3D - Kokiri Forest (1)/000/s04_ha_03_5800.png
  artifactKey: Guid(1f961ad8ef5944049bf590e48d37fa6c) Importer(815301076,1909f56bfc062723c751e8b465ee728b)
Start importing Assets/3DS - The Legend of Zelda Ocarina of Time 3D - Kokiri Forest (1)/000/s04_ha_03_5800.png using Guid(1f961ad8ef5944049bf590e48d37fa6c) Importer(815301076,1909f56bfc062723c751e8b465ee728b)  -> (artifact id: 'f2063d43f625c6e8a2858acf8f5b5051') in 0.048845 seconds
Number of updated asset objects reloaded before import = 0
Number of asset objects unloaded after import = 2
========================================================================
Received Import Request.
  Time since last request: 0.000111 seconds.
  path: Assets/3DS - The Legend of Zelda Ocarina of Time 3D - Kokiri Forest (1)/000/s04_kusa_03_3FF00.png
  artifactKey: Guid(a7a0ec2a5dd740d4d9ec1682a6febb59) Importer(815301076,1909f56bfc062723c751e8b465ee728b)
Start importing Assets/3DS - The Legend of Zelda Ocarina of Time 3D - Kokiri Forest (1)/000/s04_kusa_03_3FF00.png using Guid(a7a0ec2a5dd740d4d9ec1682a6febb59) Importer(815301076,1909f56bfc062723c751e8b465ee728b)  -> (artifact id: '2ee4e1c0d8719f2f3b6fd33cd8f323d6') in 0.068211 seconds
Number of updated asset objects reloaded before import = 0
Number of asset objects unloaded after import = 2
========================================================================
Received Import Request.
  Time since last request: 2.750220 seconds.
  path: Assets/Animações
  artifactKey: Guid(009a17e17115b714d8ef766eccfef22a) Importer(815301076,1909f56bfc062723c751e8b465ee728b)
Start importing Assets/Animações using Guid(009a17e17115b714d8ef766eccfef22a) Importer(815301076,1909f56bfc062723c751e8b465ee728b)  -> (artifact id: 'cfa3d1a0bcbf34aa6faa0e02a0ca054f') in 0.000639 seconds
Number of updated asset objects reloaded before import = 0
Number of asset objects unloaded after import = 0
========================================================================
Received Import Request.
  Time since last request: 0.837866 seconds.
  path: Assets/Animações/PersonagemPrincipal
  artifactKey: Guid(1e7ae5ed5c22c6e43b5a4db08902ef08) Importer(815301076,1909f56bfc062723c751e8b465ee728b)
Start importing Assets/Animações/PersonagemPrincipal using Guid(1e7ae5ed5c22c6e43b5a4db08902ef08) Importer(815301076,1909f56bfc062723c751e8b465ee728b)  -> (artifact id: 'bc157cb23110da957d82cce439da4e68') in 0.000627 seconds
Number of updated asset objects reloaded before import = 0
Number of asset objects unloaded after import = 0
========================================================================
Received Import Request.
  Time since last request: 0.210696 seconds.
  path: Assets/Animações/PersonagemPrincipal/Boxing.fbx
  artifactKey: Guid(e9c7c49f5f3d5ef4fb7295b948fe49ad) Importer(815301076,1909f56bfc062723c751e8b465ee728b)
Start importing Assets/Animações/PersonagemPrincipal/Boxing.fbx using Guid(e9c7c49f5f3d5ef4fb7295b948fe49ad) Importer(815301076,1909f56bfc062723c751e8b465ee728b)  -> (artifact id: 'bed516f69deced29d671f7768979718e') in 0.144933 seconds
Number of updated asset objects reloaded before import = 0
Number of asset objects unloaded after import = 98
========================================================================
Received Import Request.
  Time since last request: 0.000020 seconds.
  path: Assets/Animações/PersonagemPrincipal/Receive Uppercut To The Face.fbx
  artifactKey: Guid(aae80b79c9aa1b74ea47c82c43539255) Importer(815301076,1909f56bfc062723c751e8b465ee728b)
Start importing Assets/Animações/PersonagemPrincipal/Receive Uppercut To The Face.fbx using Guid(aae80b79c9aa1b74ea47c82c43539255) Importer(815301076,1909f56bfc062723c751e8b465ee728b)  -> (artifact id: 'cdbf84e0148abf7624e63c1bade49dba') in 0.078537 seconds
Number of updated asset objects reloaded before import = 0
Number of asset objects unloaded after import = 98
========================================================================
Received Import Request.
  Time since last request: 0.000028 seconds.
  path: Assets/Animações/PersonagemPrincipal/Idle.fbx
  artifactKey: Guid(31bfbca68a0505f40a3bab1240b3ff48) Importer(815301076,1909f56bfc062723c751e8b465ee728b)
Start importing Assets/Animações/PersonagemPrincipal/Idle.fbx using Guid(31bfbca68a0505f40a3bab1240b3ff48) Importer(815301076,1909f56bfc062723c751e8b465ee728b)  -> (artifact id: 'd57dce6c727a1292918499ff4147fc51') in 0.109878 seconds
Number of updated asset objects reloaded before import = 0
Number of asset objects unloaded after import = 98
========================================================================
Received Import Request.
  Time since last request: 0.000019 seconds.
  path: Assets/Animações/PersonagemPrincipal/Fast Run.fbx
  artifactKey: Guid(eaba06297dabdac44af3a4759f911182) Importer(815301076,1909f56bfc062723c751e8b465ee728b)
Start importing Assets/Animações/PersonagemPrincipal/Fast Run.fbx using Guid(eaba06297dabdac44af3a4759f911182) Importer(815301076,1909f56bfc062723c751e8b465ee728b)  -> (artifact id: '2de0b6c92576f522cc9a2a24a1ca031e') in 0.090634 seconds
Number of updated asset objects reloaded before import = 0
Number of asset objects unloaded after import = 98
========================================================================
Received Import Request.
  Time since last request: 1.546203 seconds.
  path: Assets/Scripts
  artifactKey: Guid(80a4ea77e1494d845b9b68d8045e13d2) Importer(815301076,1909f56bfc062723c751e8b465ee728b)
Start importing Assets/Scripts using Guid(80a4ea77e1494d845b9b68d8045e13d2) Importer(815301076,1909f56bfc062723c751e8b465ee728b)  -> (artifact id: '770c3655863dc26a46856b35a9ace213') in 0.000595 seconds
Number of updated asset objects reloaded before import = 0
Number of asset objects unloaded after import = 0
========================================================================
Received Prepare
Refreshing native plugins compatible for Editor in 3.53 ms, found 3 plugins.
Preloading 0 native plugins for Editor in 0.00 ms.
Unloading 1 Unused Serialized files (Serialized files now loaded: 0)
Unloading 2 unused Assets / (74.3 KB). Loaded Objects now: 3755.
Memory consumption went from 80.7 MB to 80.7 MB.
Total: 4.687400 ms (FindLiveObjects: 0.473400 ms CreateObjectMapping: 0.399400 ms MarkObjects: 3.763600 ms  DeleteObjects: 0.050100 ms)

Prepare: number of updated asset objects reloaded= 0
AssetImportParameters requested are different than current active one (requested -> active):
  custom:container-demuxer-ogg: 62fdf1f143b41e24485cea50d1cbac27 -> 
  custom:video-codec-MediaFoundation-h265: 746d11721c4dcdbdad8f713fa42b33f4 -> 
  custom:video-decoder-ogg-theora: a1e56fd34408186e4bbccfd4996cb3dc -> 
  custom:framework-win-MediaFoundation: 216162199b28c13a410421893ffa2e32 -> 
  custom:CustomObjectIndexerAttribute: 756ad292c208cfabdd7b50bc23989ffe -> 
  custom:container-demuxer-webm: 4f35f7cbe854078d1ac9338744f61a02 -> 
  custom:container-muxer-webm: aa71ff27fc2769a1b78a27578f13a17b -> 
  custom:video-decoder-webm-vp8: 9c59270c3fd7afecdb556c50c9e8de78 -> 
  custom:SearchIndexIgnoredProperties: e643bd26f0fe6173181afceb89e7c659 -> 
  custom:AudioImporter_EditorPlatform: d09bf68614088b80899f8185d706f6e7 -> 
  custom:video-encoder-webm-vp8: eb34c28f22e8b96e1ab97ce403110664 -> 
  custom:audio-decoder-ogg-vorbis: bf7c407c2cedff20999df2af8eb42d56 -> 
  custom:audio-encoder-webm-vorbis: bf7c407c2cedff20999df2af8eb42d56 -> 
